<?xml version="1.0" encoding="UTF-8"?>
<!-- Generated by org.testng.reporters.JUnitReportReporter -->
<testsuite skipped="0" hostname="DESKTOP-P049EEP" name="LoggerRunner" tests="1" failures="0" timestamp="2023-03-10T10:12:42 IST" time="0.092" errors="0">
  <testcase name="methodA" time="0.092" classname="LoggerRunner"/>
  <system-out/>
</testsuite> <!-- LoggerRunner -->
