<?xml version="1.0" encoding="UTF-8"?>
<!-- Generated by org.testng.reporters.JUnitReportReporter -->
<testsuite skipped="0" hostname="DESKTOP-P049EEP" name="loginRunner" tests="4" failures="0" timestamp="2023-03-10T10:16:22 IST" time="44.240" errors="0">
  <testcase name="login_Actions" time="14.043" classname="loginRunner"/>
  <system-out/>
  <testcase name="login_Actions1" time="11.339" classname="loginRunner"/>
  <system-out/>
  <testcase name="login_Actions2" time="9.672" classname="loginRunner"/>
  <system-out/>
  <testcase name="login_Actions3" time="9.186" classname="loginRunner"/>
  <system-out/>
</testsuite> <!-- loginRunner -->
