<?xml version="1.0" encoding="UTF-8"?>
<!-- Generated by org.testng.reporters.JUnitReportReporter -->
<testsuite skipped="1" hostname="DESKTOP-P049EEP" name="Multiple_runner" tests="1" failures="0" timestamp="2023-03-10T10:18:55 IST" time="0.000" errors="0">
  <testcase name="Login_Runner_multiple" time="0.000" classname="Multiple_runner">
    <skipped/>
  </testcase> <!-- Login_Runner_multiple -->
  <system-out/>
</testsuite> <!-- Multiple_runner -->
