<?xml version="1.0" encoding="UTF-8"?>
<!-- Generated by org.testng.reporters.JUnitReportReporter -->
<testsuite skipped="0" hostname="DESKTOP-P049EEP" name="Reports_Runner" tests="5" failures="0" timestamp="2023-03-10T10:19:32 IST" time="1.596" errors="0">
  <testcase name="b" time="0.007" classname="Reports_Runner"/>
  <system-out/>
  <testcase name="c" time="0.011" classname="Reports_Runner"/>
  <system-out/>
  <testcase name="d" time="0.005" classname="Reports_Runner"/>
  <system-out/>
  <testcase name="e" time="0.484" classname="Reports_Runner"/>
  <system-out/>
  <testcase name="a" time="1.089" classname="Reports_Runner"/>
  <system-out/>
</testsuite> <!-- Reports_Runner -->
